d:\0.0 code\2.0 mycode\packetparse\obj\vc120.pdb
d:\0.0 code\2.0 mycode\packetparse\obj\vc120.idb
d:\0.0 code\2.0 mycode\packetparse\obj\buffer.obj
d:\0.0 code\2.0 mycode\packetparse\obj\ethernet.obj
d:\0.0 code\2.0 mycode\packetparse\obj\ipnet.obj
d:\0.0 code\2.0 mycode\packetparse\obj\packet.obj
d:\0.0 code\2.0 mycode\packetparse\obj\packetarray.obj
d:\0.0 code\2.0 mycode\packetparse\obj\pcapfile.obj
d:\0.0 code\2.0 mycode\packetparse\obj\protocol.obj
d:\0.0 code\2.0 mycode\packetparse\obj\rtcpnet.obj
d:\0.0 code\2.0 mycode\packetparse\obj\rtpnet.obj
d:\0.0 code\2.0 mycode\packetparse\obj\stringhelper.obj
d:\0.0 code\2.0 mycode\packetparse\obj\udpnet.obj
d:\0.0 code\2.0 mycode\packetparse\lib\libparse.lib
d:\0.0 code\2.0 mycode\packetparse\obj\getopt.obj
d:\0.0 code\2.0 mycode\packetparse\obj\parsedemo.obj
d:\0.0 code\2.0 mycode\packetparse\build\..\lib\libparse.lib
d:\0.0 code\2.0 mycode\packetparse\obj\libparse.tlog\cl.command.1.tlog
d:\0.0 code\2.0 mycode\packetparse\obj\libparse.tlog\cl.read.1.tlog
d:\0.0 code\2.0 mycode\packetparse\obj\libparse.tlog\cl.write.1.tlog
d:\0.0 code\2.0 mycode\packetparse\obj\libparse.tlog\lib-link.read.1.tlog
d:\0.0 code\2.0 mycode\packetparse\obj\libparse.tlog\lib-link.write.1.tlog
d:\0.0 code\2.0 mycode\packetparse\obj\libparse.tlog\lib.command.1.tlog
